<?xml version="1.0" encoding="UTF-8"?>
<!-- Generated by org.testng.reporters.JUnitReportReporter -->
<testsuite hostname="Chunfu-HP-Desktop-G07J8VS" failures="0" tests="1" name="com.nopCommerce.testCases.TC_AddCustomerTest_003" time="8.307" errors="0" timestamp="2021-08-30T10:31:02 EDT" skipped="0">
  <testcase classname="com.nopCommerce.testCases.TC_AddCustomerTest_003" name="addNewCustomer" time="8.307"/>
  <system-out/>
</testsuite> <!-- com.nopCommerce.testCases.TC_AddCustomerTest_003 -->
