<?xml version="1.0" encoding="UTF-8"?>
<!-- Generated by org.testng.reporters.JUnitReportReporter -->
<testsuite hostname="Chunfu-HP-Desktop-G07J8VS" failures="0" tests="1" name="com.nopCommerce.testCases.TC_LoginTest_001" time="7.181" errors="0" timestamp="2021-08-30T11:08:24 EDT" skipped="0">
  <testcase classname="com.nopCommerce.testCases.TC_LoginTest_001" name="loginTest" time="7.181"/>
  <system-out/>
</testsuite> <!-- com.nopCommerce.testCases.TC_LoginTest_001 -->
